<!DOCTYPE html>
<html>
<head>
<meta http-equiv="Content-Type" content="text/html; charset=utf-8"/>
<meta http-equiv="x-ua-compatible" content="IE=edge"/>
<title>Test results - Class org.springframework.web.reactive.function.server.RouterFunctionsTests</title>
<link href="../css/base-style.css" rel="stylesheet" type="text/css"/>
<link href="../css/style.css" rel="stylesheet" type="text/css"/>
<script src="../js/report.js" type="text/javascript"></script>
</head>
<body>
<div id="content">
<h1>Class org.springframework.web.reactive.function.server.RouterFunctionsTests</h1>
<div class="breadcrumbs">
<a href="../index.html">all</a> &gt; 
<a href="../packages/org.springframework.web.reactive.function.server.html">org.springframework.web.reactive.function.server</a> &gt; RouterFunctionsTests</div>
<div id="summary">
<table>
<tr>
<td>
<div class="summaryGroup">
<table>
<tr>
<td>
<div class="infoBox" id="tests">
<div class="counter">11</div>
<p>tests</p>
</div>
</td>
<td>
<div class="infoBox" id="failures">
<div class="counter">0</div>
<p>failures</p>
</div>
</td>
<td>
<div class="infoBox" id="ignored">
<div class="counter">0</div>
<p>ignored</p>
</div>
</td>
<td>
<div class="infoBox" id="duration">
<div class="counter">0.190s</div>
<p>duration</p>
</div>
</td>
</tr>
</table>
</div>
</td>
<td>
<div class="infoBox success" id="successRate">
<div class="percent">100%</div>
<p>successful</p>
</div>
</td>
</tr>
</table>
</div>
<div id="tabs">
<ul class="tabLinks">
<li>
<a href="#tab0">Tests</a>
</li>
<li>
<a href="#tab1">Standard output</a>
</li>
</ul>
<div id="tab0" class="tab">
<h2>Tests</h2>
<table>
<thead>
<tr>
<th>Test</th>
<th>Duration</th>
<th>Result</th>
</tr>
</thead>
<tr>
<td class="success">nestMatch</td>
<td class="success">0.014s</td>
<td class="success">passed</td>
</tr>
<tr>
<td class="success">nestNoMatch</td>
<td class="success">0.015s</td>
<td class="success">passed</td>
</tr>
<tr>
<td class="success">routeMatch</td>
<td class="success">0.015s</td>
<td class="success">passed</td>
</tr>
<tr>
<td class="success">routeNoMatch</td>
<td class="success">0.030s</td>
<td class="success">passed</td>
</tr>
<tr>
<td class="success">toHttpHandlerHandlerResponseStatusException</td>
<td class="success">0.014s</td>
<td class="success">passed</td>
</tr>
<tr>
<td class="success">toHttpHandlerHandlerReturnResponseStatusExceptionInResponseWriteTo</td>
<td class="success">0.015s</td>
<td class="success">passed</td>
</tr>
<tr>
<td class="success">toHttpHandlerHandlerReturnsException</td>
<td class="success">0.016s</td>
<td class="success">passed</td>
</tr>
<tr>
<td class="success">toHttpHandlerHandlerThrowResponseStatusExceptionInResponseWriteTo</td>
<td class="success">0.014s</td>
<td class="success">passed</td>
</tr>
<tr>
<td class="success">toHttpHandlerHandlerThrowsException</td>
<td class="success">0.017s</td>
<td class="success">passed</td>
</tr>
<tr>
<td class="success">toHttpHandlerNormal</td>
<td class="success">0.021s</td>
<td class="success">passed</td>
</tr>
<tr>
<td class="success">toHttpHandlerWebFilter</td>
<td class="success">0.019s</td>
<td class="success">passed</td>
</tr>
</table>
</div>
<div id="tab1" class="tab">
<h2>Standard output</h2>
<span class="code">
<pre>22:45:21.600 [Test worker] DEBUG o.s.w.s.a.HttpWebHandlerAdapter - enableLoggingRequestDetails='false': form data and headers will be masked to prevent unsafe logging of potentially sensitive data
22:45:21.600 [Test worker] DEBUG o.s.w.s.a.HttpWebHandlerAdapter - [71e8efd3] HTTP GET &quot;&quot;
22:45:21.600 [Test worker] ERROR o.s.w.s.a.HttpWebHandlerAdapter - [71e8efd3] 500 Server Error for HTTP GET &quot;&quot;
java.lang.IllegalStateException: null
	at org.springframework.web.reactive.function.server.RouterFunctionsTests.lambda$toHttpHandlerHandlerThrowsException$7(RouterFunctionsTests.java:142) ~[test/:?]
	at org.springframework.web.reactive.function.server.RouterFunctions.lambda$null$3(RouterFunctions.java:261) ~[main/:?]
	at org.springframework.web.reactive.function.server.RouterFunctions.wrapException(RouterFunctions.java:270) ~[main/:?]
	at org.springframework.web.reactive.function.server.RouterFunctions.lambda$null$4(RouterFunctions.java:261) ~[main/:?]
	at reactor.core.publisher.FluxFlatMap.trySubscribeScalarMap(FluxFlatMap.java:141) [reactor-core-3.2.6.RELEASE.jar:3.2.6.RELEASE]
	at reactor.core.publisher.MonoFlatMap.subscribe(MonoFlatMap.java:53) [reactor-core-3.2.6.RELEASE.jar:3.2.6.RELEASE]
	at reactor.core.publisher.MonoFlatMap.subscribe(MonoFlatMap.java:60) [reactor-core-3.2.6.RELEASE.jar:3.2.6.RELEASE]
	at reactor.core.publisher.MonoDefer.subscribe(MonoDefer.java:52) [reactor-core-3.2.6.RELEASE.jar:3.2.6.RELEASE]
	at reactor.core.publisher.MonoOnErrorResume.subscribe(MonoOnErrorResume.java:44) [reactor-core-3.2.6.RELEASE.jar:3.2.6.RELEASE]
	at reactor.core.publisher.MonoOnErrorResume.subscribe(MonoOnErrorResume.java:44) [reactor-core-3.2.6.RELEASE.jar:3.2.6.RELEASE]
	at reactor.core.publisher.MonoPeekTerminal.subscribe(MonoPeekTerminal.java:61) [reactor-core-3.2.6.RELEASE.jar:3.2.6.RELEASE]
	at reactor.core.publisher.MonoOnErrorResume.subscribe(MonoOnErrorResume.java:44) [reactor-core-3.2.6.RELEASE.jar:3.2.6.RELEASE]
	at reactor.core.publisher.Mono.subscribe(Mono.java:3694) [reactor-core-3.2.6.RELEASE.jar:3.2.6.RELEASE]
	at reactor.core.publisher.MonoIgnoreThen$ThenIgnoreMain.drain(MonoIgnoreThen.java:172) [reactor-core-3.2.6.RELEASE.jar:3.2.6.RELEASE]
	at reactor.core.publisher.MonoIgnoreThen.subscribe(MonoIgnoreThen.java:56) [reactor-core-3.2.6.RELEASE.jar:3.2.6.RELEASE]
	at reactor.core.publisher.Mono.block(Mono.java:1493) [reactor-core-3.2.6.RELEASE.jar:3.2.6.RELEASE]
	at org.springframework.web.reactive.function.server.RouterFunctionsTests.toHttpHandlerHandlerThrowsException(RouterFunctionsTests.java:152) [test/:?]
	at sun.reflect.NativeMethodAccessorImpl.invoke0(Native Method) ~[?:1.8.0_202]
	at sun.reflect.NativeMethodAccessorImpl.invoke(NativeMethodAccessorImpl.java:62) ~[?:1.8.0_202]
	at sun.reflect.DelegatingMethodAccessorImpl.invoke(DelegatingMethodAccessorImpl.java:43) ~[?:1.8.0_202]
	at java.lang.reflect.Method.invoke(Method.java:498) ~[?:1.8.0_202]
	at org.junit.runners.model.FrameworkMethod$1.runReflectiveCall(FrameworkMethod.java:50) [junit-4.12.jar:4.12]
	at org.junit.internal.runners.model.ReflectiveCallable.run(ReflectiveCallable.java:12) [junit-4.12.jar:4.12]
	at org.junit.runners.model.FrameworkMethod.invokeExplosively(FrameworkMethod.java:47) [junit-4.12.jar:4.12]
	at org.junit.internal.runners.statements.InvokeMethod.evaluate(InvokeMethod.java:17) [junit-4.12.jar:4.12]
	at org.junit.runners.ParentRunner.runLeaf(ParentRunner.java:325) [junit-4.12.jar:4.12]
	at org.junit.runners.BlockJUnit4ClassRunner.runChild(BlockJUnit4ClassRunner.java:78) [junit-4.12.jar:4.12]
	at org.junit.runners.BlockJUnit4ClassRunner.runChild(BlockJUnit4ClassRunner.java:57) [junit-4.12.jar:4.12]
	at org.junit.runners.ParentRunner$3.run(ParentRunner.java:290) [junit-4.12.jar:4.12]
	at org.junit.runners.ParentRunner$1.schedule(ParentRunner.java:71) [junit-4.12.jar:4.12]
	at org.junit.runners.ParentRunner.runChildren(ParentRunner.java:288) [junit-4.12.jar:4.12]
	at org.junit.runners.ParentRunner.access$000(ParentRunner.java:58) [junit-4.12.jar:4.12]
	at org.junit.runners.ParentRunner$2.evaluate(ParentRunner.java:268) [junit-4.12.jar:4.12]
	at org.junit.runners.ParentRunner.run(ParentRunner.java:363) [junit-4.12.jar:4.12]
	at org.gradle.api.internal.tasks.testing.junit.JUnitTestClassExecutor.runTestClass(JUnitTestClassExecutor.java:110) [gradle-testing-jvm-5.3.jar:5.3]
	at org.gradle.api.internal.tasks.testing.junit.JUnitTestClassExecutor.execute(JUnitTestClassExecutor.java:58) [gradle-testing-jvm-5.3.jar:5.3]
	at org.gradle.api.internal.tasks.testing.junit.JUnitTestClassExecutor.execute(JUnitTestClassExecutor.java:38) [gradle-testing-jvm-5.3.jar:5.3]
	at org.gradle.api.internal.tasks.testing.junit.AbstractJUnitTestClassProcessor.processTestClass(AbstractJUnitTestClassProcessor.java:62) [gradle-testing-jvm-5.3.jar:5.3]
	at org.gradle.api.internal.tasks.testing.SuiteTestClassProcessor.processTestClass(SuiteTestClassProcessor.java:51) [gradle-testing-base-5.3.jar:5.3]
	at sun.reflect.GeneratedMethodAccessor49.invoke(Unknown Source) ~[?:?]
	at sun.reflect.DelegatingMethodAccessorImpl.invoke(DelegatingMethodAccessorImpl.java:43) ~[?:1.8.0_202]
	at java.lang.reflect.Method.invoke(Method.java:498) ~[?:1.8.0_202]
	at org.gradle.internal.dispatch.ReflectionDispatch.dispatch(ReflectionDispatch.java:35) [gradle-messaging-5.3.jar:5.3]
	at org.gradle.internal.dispatch.ReflectionDispatch.dispatch(ReflectionDispatch.java:24) [gradle-messaging-5.3.jar:5.3]
	at org.gradle.internal.dispatch.ContextClassLoaderDispatch.dispatch(ContextClassLoaderDispatch.java:32) [gradle-messaging-5.3.jar:5.3]
	at org.gradle.internal.dispatch.ProxyDispatchAdapter$DispatchingInvocationHandler.invoke(ProxyDispatchAdapter.java:93) [gradle-messaging-5.3.jar:5.3]
	at com.sun.proxy.$Proxy2.processTestClass(Unknown Source) [?:?]
	at org.gradle.api.internal.tasks.testing.worker.TestWorker.processTestClass(TestWorker.java:118) [gradle-testing-base-5.3.jar:5.3]
	at sun.reflect.GeneratedMethodAccessor48.invoke(Unknown Source) ~[?:?]
	at sun.reflect.DelegatingMethodAccessorImpl.invoke(DelegatingMethodAccessorImpl.java:43) ~[?:1.8.0_202]
	at java.lang.reflect.Method.invoke(Method.java:498) ~[?:1.8.0_202]
	at org.gradle.internal.dispatch.ReflectionDispatch.dispatch(ReflectionDispatch.java:35) [gradle-messaging-5.3.jar:5.3]
	at org.gradle.internal.dispatch.ReflectionDispatch.dispatch(ReflectionDispatch.java:24) [gradle-messaging-5.3.jar:5.3]
	at org.gradle.internal.remote.internal.hub.MessageHubBackedObjectConnection$DispatchWrapper.dispatch(MessageHubBackedObjectConnection.java:175) [gradle-messaging-5.3.jar:5.3]
	at org.gradle.internal.remote.internal.hub.MessageHubBackedObjectConnection$DispatchWrapper.dispatch(MessageHubBackedObjectConnection.java:157) [gradle-messaging-5.3.jar:5.3]
	at org.gradle.internal.remote.internal.hub.MessageHub$Handler.run(MessageHub.java:404) [gradle-messaging-5.3.jar:5.3]
	at org.gradle.internal.concurrent.ExecutorPolicy$CatchAndRecordFailures.onExecute(ExecutorPolicy.java:63) [gradle-base-services-5.3.jar:5.3]
	at org.gradle.internal.concurrent.ManagedExecutorImpl$1.run(ManagedExecutorImpl.java:46) [gradle-base-services-5.3.jar:5.3]
	at java.util.concurrent.ThreadPoolExecutor.runWorker(ThreadPoolExecutor.java:1149) [?:1.8.0_202]
	at java.util.concurrent.ThreadPoolExecutor$Worker.run(ThreadPoolExecutor.java:624) [?:1.8.0_202]
	at org.gradle.internal.concurrent.ThreadFactoryImpl$ManagedThreadRunnable.run(ThreadFactoryImpl.java:55) [gradle-base-services-5.3.jar:5.3]
	at java.lang.Thread.run(Thread.java:748) [?:1.8.0_202]
	Suppressed: reactor.core.publisher.FluxOnAssembly$OnAssemblyException: 
Assembly site of producer [reactor.core.publisher.MonoError] is identified by light checkpoint [HTTP GET &quot;&quot; [ExceptionHandlingWebHandler]].
22:45:21.652 [Test worker] DEBUG o.s.w.s.a.HttpWebHandlerAdapter - enableLoggingRequestDetails='false': form data and headers will be masked to prevent unsafe logging of potentially sensitive data
22:45:21.652 [Test worker] DEBUG o.s.w.s.a.HttpWebHandlerAdapter - [541aa583] HTTP GET &quot;&quot;
22:45:21.652 [Test worker] DEBUG o.s.w.s.a.HttpWebHandlerAdapter - [541aa583] Completed 202 ACCEPTED
22:45:21.673 [Test worker] DEBUG o.s.w.s.a.HttpWebHandlerAdapter - enableLoggingRequestDetails='false': form data and headers will be masked to prevent unsafe logging of potentially sensitive data
22:45:21.673 [Test worker] DEBUG o.s.w.s.a.HttpWebHandlerAdapter - [bded7a] HTTP GET &quot;&quot;
22:45:21.673 [Test worker] DEBUG o.s.w.s.a.HttpWebHandlerAdapter - [bded7a] Completed 202 ACCEPTED
22:45:21.702 [Test worker] DEBUG o.s.w.s.a.HttpWebHandlerAdapter - enableLoggingRequestDetails='false': form data and headers will be masked to prevent unsafe logging of potentially sensitive data
22:45:21.702 [Test worker] DEBUG o.s.w.s.a.HttpWebHandlerAdapter - [2c346f08] HTTP GET &quot;&quot;
22:45:21.702 [Test worker] DEBUG o.s.w.s.h.ResponseStatusExceptionHandler - [2c346f08] Resolved [ResponseStatusException: 404 NOT_FOUND &quot;Not found&quot;] for HTTP GET 
22:45:21.702 [Test worker] DEBUG o.s.w.s.a.HttpWebHandlerAdapter - [2c346f08] Completed 404 NOT_FOUND
22:45:21.715 [Test worker] DEBUG o.s.w.s.a.HttpWebHandlerAdapter - enableLoggingRequestDetails='false': form data and headers will be masked to prevent unsafe logging of potentially sensitive data
22:45:21.715 [Test worker] DEBUG o.s.w.s.a.HttpWebHandlerAdapter - [5a884095] HTTP GET &quot;&quot;
22:45:21.716 [Test worker] DEBUG o.s.w.s.h.ResponseStatusExceptionHandler - [5a884095] Resolved [ResponseStatusException: 404 NOT_FOUND &quot;Not found&quot;] for HTTP GET 
22:45:21.717 [Test worker] DEBUG o.s.w.s.a.HttpWebHandlerAdapter - [5a884095] Completed 404 NOT_FOUND
22:45:21.730 [Test worker] DEBUG o.s.w.s.a.HttpWebHandlerAdapter - enableLoggingRequestDetails='false': form data and headers will be masked to prevent unsafe logging of potentially sensitive data
22:45:21.730 [Test worker] DEBUG o.s.w.s.a.HttpWebHandlerAdapter - [30c48baf] HTTP GET &quot;&quot;
22:45:21.730 [Test worker] ERROR o.s.w.s.a.HttpWebHandlerAdapter - [30c48baf] 500 Server Error for HTTP GET &quot;&quot;
java.lang.IllegalStateException: null
	at org.springframework.web.reactive.function.server.RouterFunctionsTests.lambda$toHttpHandlerHandlerReturnsException$8(RouterFunctionsTests.java:159) ~[test/:?]
	at org.springframework.web.reactive.function.server.RouterFunctions.lambda$null$3(RouterFunctions.java:261) ~[main/:?]
	at org.springframework.web.reactive.function.server.RouterFunctions.wrapException(RouterFunctions.java:270) ~[main/:?]
	at org.springframework.web.reactive.function.server.RouterFunctions.lambda$null$4(RouterFunctions.java:261) ~[main/:?]
	at reactor.core.publisher.FluxFlatMap.trySubscribeScalarMap(FluxFlatMap.java:141) [reactor-core-3.2.6.RELEASE.jar:3.2.6.RELEASE]
	at reactor.core.publisher.MonoFlatMap.subscribe(MonoFlatMap.java:53) [reactor-core-3.2.6.RELEASE.jar:3.2.6.RELEASE]
	at reactor.core.publisher.MonoFlatMap.subscribe(MonoFlatMap.java:60) [reactor-core-3.2.6.RELEASE.jar:3.2.6.RELEASE]
	at reactor.core.publisher.MonoDefer.subscribe(MonoDefer.java:52) [reactor-core-3.2.6.RELEASE.jar:3.2.6.RELEASE]
	at reactor.core.publisher.MonoOnErrorResume.subscribe(MonoOnErrorResume.java:44) [reactor-core-3.2.6.RELEASE.jar:3.2.6.RELEASE]
	at reactor.core.publisher.MonoOnErrorResume.subscribe(MonoOnErrorResume.java:44) [reactor-core-3.2.6.RELEASE.jar:3.2.6.RELEASE]
	at reactor.core.publisher.MonoPeekTerminal.subscribe(MonoPeekTerminal.java:61) [reactor-core-3.2.6.RELEASE.jar:3.2.6.RELEASE]
	at reactor.core.publisher.MonoOnErrorResume.subscribe(MonoOnErrorResume.java:44) [reactor-core-3.2.6.RELEASE.jar:3.2.6.RELEASE]
	at reactor.core.publisher.Mono.subscribe(Mono.java:3694) [reactor-core-3.2.6.RELEASE.jar:3.2.6.RELEASE]
	at reactor.core.publisher.MonoIgnoreThen$ThenIgnoreMain.drain(MonoIgnoreThen.java:172) [reactor-core-3.2.6.RELEASE.jar:3.2.6.RELEASE]
	at reactor.core.publisher.MonoIgnoreThen.subscribe(MonoIgnoreThen.java:56) [reactor-core-3.2.6.RELEASE.jar:3.2.6.RELEASE]
	at reactor.core.publisher.Mono.block(Mono.java:1493) [reactor-core-3.2.6.RELEASE.jar:3.2.6.RELEASE]
	at org.springframework.web.reactive.function.server.RouterFunctionsTests.toHttpHandlerHandlerReturnsException(RouterFunctionsTests.java:168) [test/:?]
	at sun.reflect.NativeMethodAccessorImpl.invoke0(Native Method) ~[?:1.8.0_202]
	at sun.reflect.NativeMethodAccessorImpl.invoke(NativeMethodAccessorImpl.java:62) ~[?:1.8.0_202]
	at sun.reflect.DelegatingMethodAccessorImpl.invoke(DelegatingMethodAccessorImpl.java:43) ~[?:1.8.0_202]
	at java.lang.reflect.Method.invoke(Method.java:498) ~[?:1.8.0_202]
	at org.junit.runners.model.FrameworkMethod$1.runReflectiveCall(FrameworkMethod.java:50) [junit-4.12.jar:4.12]
	at org.junit.internal.runners.model.ReflectiveCallable.run(ReflectiveCallable.java:12) [junit-4.12.jar:4.12]
	at org.junit.runners.model.FrameworkMethod.invokeExplosively(FrameworkMethod.java:47) [junit-4.12.jar:4.12]
	at org.junit.internal.runners.statements.InvokeMethod.evaluate(InvokeMethod.java:17) [junit-4.12.jar:4.12]
	at org.junit.runners.ParentRunner.runLeaf(ParentRunner.java:325) [junit-4.12.jar:4.12]
	at org.junit.runners.BlockJUnit4ClassRunner.runChild(BlockJUnit4ClassRunner.java:78) [junit-4.12.jar:4.12]
	at org.junit.runners.BlockJUnit4ClassRunner.runChild(BlockJUnit4ClassRunner.java:57) [junit-4.12.jar:4.12]
	at org.junit.runners.ParentRunner$3.run(ParentRunner.java:290) [junit-4.12.jar:4.12]
	at org.junit.runners.ParentRunner$1.schedule(ParentRunner.java:71) [junit-4.12.jar:4.12]
	at org.junit.runners.ParentRunner.runChildren(ParentRunner.java:288) [junit-4.12.jar:4.12]
	at org.junit.runners.ParentRunner.access$000(ParentRunner.java:58) [junit-4.12.jar:4.12]
	at org.junit.runners.ParentRunner$2.evaluate(ParentRunner.java:268) [junit-4.12.jar:4.12]
	at org.junit.runners.ParentRunner.run(ParentRunner.java:363) [junit-4.12.jar:4.12]
	at org.gradle.api.internal.tasks.testing.junit.JUnitTestClassExecutor.runTestClass(JUnitTestClassExecutor.java:110) [gradle-testing-jvm-5.3.jar:5.3]
	at org.gradle.api.internal.tasks.testing.junit.JUnitTestClassExecutor.execute(JUnitTestClassExecutor.java:58) [gradle-testing-jvm-5.3.jar:5.3]
	at org.gradle.api.internal.tasks.testing.junit.JUnitTestClassExecutor.execute(JUnitTestClassExecutor.java:38) [gradle-testing-jvm-5.3.jar:5.3]
	at org.gradle.api.internal.tasks.testing.junit.AbstractJUnitTestClassProcessor.processTestClass(AbstractJUnitTestClassProcessor.java:62) [gradle-testing-jvm-5.3.jar:5.3]
	at org.gradle.api.internal.tasks.testing.SuiteTestClassProcessor.processTestClass(SuiteTestClassProcessor.java:51) [gradle-testing-base-5.3.jar:5.3]
	at sun.reflect.GeneratedMethodAccessor49.invoke(Unknown Source) ~[?:?]
	at sun.reflect.DelegatingMethodAccessorImpl.invoke(DelegatingMethodAccessorImpl.java:43) ~[?:1.8.0_202]
	at java.lang.reflect.Method.invoke(Method.java:498) ~[?:1.8.0_202]
	at org.gradle.internal.dispatch.ReflectionDispatch.dispatch(ReflectionDispatch.java:35) [gradle-messaging-5.3.jar:5.3]
	at org.gradle.internal.dispatch.ReflectionDispatch.dispatch(ReflectionDispatch.java:24) [gradle-messaging-5.3.jar:5.3]
	at org.gradle.internal.dispatch.ContextClassLoaderDispatch.dispatch(ContextClassLoaderDispatch.java:32) [gradle-messaging-5.3.jar:5.3]
	at org.gradle.internal.dispatch.ProxyDispatchAdapter$DispatchingInvocationHandler.invoke(ProxyDispatchAdapter.java:93) [gradle-messaging-5.3.jar:5.3]
	at com.sun.proxy.$Proxy2.processTestClass(Unknown Source) [?:?]
	at org.gradle.api.internal.tasks.testing.worker.TestWorker.processTestClass(TestWorker.java:118) [gradle-testing-base-5.3.jar:5.3]
	at sun.reflect.GeneratedMethodAccessor48.invoke(Unknown Source) ~[?:?]
	at sun.reflect.DelegatingMethodAccessorImpl.invoke(DelegatingMethodAccessorImpl.java:43) ~[?:1.8.0_202]
	at java.lang.reflect.Method.invoke(Method.java:498) ~[?:1.8.0_202]
	at org.gradle.internal.dispatch.ReflectionDispatch.dispatch(ReflectionDispatch.java:35) [gradle-messaging-5.3.jar:5.3]
	at org.gradle.internal.dispatch.ReflectionDispatch.dispatch(ReflectionDispatch.java:24) [gradle-messaging-5.3.jar:5.3]
	at org.gradle.internal.remote.internal.hub.MessageHubBackedObjectConnection$DispatchWrapper.dispatch(MessageHubBackedObjectConnection.java:175) [gradle-messaging-5.3.jar:5.3]
	at org.gradle.internal.remote.internal.hub.MessageHubBackedObjectConnection$DispatchWrapper.dispatch(MessageHubBackedObjectConnection.java:157) [gradle-messaging-5.3.jar:5.3]
	at org.gradle.internal.remote.internal.hub.MessageHub$Handler.run(MessageHub.java:404) [gradle-messaging-5.3.jar:5.3]
	at org.gradle.internal.concurrent.ExecutorPolicy$CatchAndRecordFailures.onExecute(ExecutorPolicy.java:63) [gradle-base-services-5.3.jar:5.3]
	at org.gradle.internal.concurrent.ManagedExecutorImpl$1.run(ManagedExecutorImpl.java:46) [gradle-base-services-5.3.jar:5.3]
	at java.util.concurrent.ThreadPoolExecutor.runWorker(ThreadPoolExecutor.java:1149) [?:1.8.0_202]
	at java.util.concurrent.ThreadPoolExecutor$Worker.run(ThreadPoolExecutor.java:624) [?:1.8.0_202]
	at org.gradle.internal.concurrent.ThreadFactoryImpl$ManagedThreadRunnable.run(ThreadFactoryImpl.java:55) [gradle-base-services-5.3.jar:5.3]
	at java.lang.Thread.run(Thread.java:748) [?:1.8.0_202]
	Suppressed: reactor.core.publisher.FluxOnAssembly$OnAssemblyException: 
Assembly site of producer [reactor.core.publisher.MonoError] is identified by light checkpoint [HTTP GET &quot;&quot; [ExceptionHandlingWebHandler]].
22:45:21.776 [Test worker] DEBUG o.s.w.s.a.HttpWebHandlerAdapter - enableLoggingRequestDetails='false': form data and headers will be masked to prevent unsafe logging of potentially sensitive data
22:45:21.776 [Test worker] DEBUG o.s.w.s.a.HttpWebHandlerAdapter - [2ed6b99] HTTP GET &quot;&quot;
22:45:21.777 [Test worker] DEBUG o.s.w.s.h.ResponseStatusExceptionHandler - [2ed6b99] Resolved [ResponseStatusException: 404 NOT_FOUND &quot;Not found&quot;] for HTTP GET 
22:45:21.778 [Test worker] DEBUG o.s.w.s.a.HttpWebHandlerAdapter - [2ed6b99] Completed 404 NOT_FOUND
</pre>
</span>
</div>
</div>
<div id="footer">
<p>
<div>
<label class="hidden" id="label-for-line-wrapping-toggle" for="line-wrapping-toggle">Wrap lines
<input id="line-wrapping-toggle" type="checkbox" autocomplete="off"/>
</label>
</div>Generated by 
<a href="http://www.gradle.org">Gradle 5.3</a> at 26-Mar-2019 10:45:44 PM</p>
</div>
</div>
</body>
</html>
